{"C:\\Users\\Aaron\\Desktop\\tecRacer\\Yahtzee\\Yahtzee\\src\\dice.ts": {"path":"C:\\Users\\Aaron\\Desktop\\tecRacer\\Yahtzee\\Yahtzee\\src\\dice.ts","statementMap":{"0":{"start":{"line":8,"column":8},"end":{"line":8,"column":28}},"1":{"start":{"line":9,"column":8},"end":{"line":9,"column":41}},"2":{"start":{"line":13,"column":8},"end":{"line":14,"column":62}},"3":{"start":{"line":14,"column":12},"end":{"line":14,"column":62}},"4":{"start":{"line":18,"column":8},"end":{"line":18,"column":27}},"5":{"start":{"line":22,"column":8},"end":{"line":22,"column":28}},"6":{"start":{"line":26,"column":9},"end":{"line":26,"column":13}}},"fnMap":{"0":{"name":"(anonymous_0)","decl":{"start":{"line":7,"column":4},"end":{"line":7,"column":16}},"loc":{"start":{"line":7,"column":41},"end":{"line":10,"column":5}}},"1":{"name":"(anonymous_1)","decl":{"start":{"line":12,"column":4},"end":{"line":12,"column":8}},"loc":{"start":{"line":12,"column":8},"end":{"line":15,"column":5}}},"2":{"name":"(anonymous_2)","decl":{"start":{"line":17,"column":4},"end":{"line":17,"column":8}},"loc":{"start":{"line":17,"column":8},"end":{"line":19,"column":5}}},"3":{"name":"(anonymous_3)","decl":{"start":{"line":21,"column":4},"end":{"line":21,"column":10}},"loc":{"start":{"line":21,"column":10},"end":{"line":23,"column":5}}}},"branchMap":{"0":{"loc":{"start":{"line":9,"column":22},"end":{"line":9,"column":40}},"type":"binary-expr","locations":[{"start":{"line":9,"column":22},"end":{"line":9,"column":35}},{"start":{"line":9,"column":39},"end":{"line":9,"column":40}}]},"1":{"loc":{"start":{"line":13,"column":8},"end":{"line":14,"column":62}},"type":"if","locations":[{"start":{"line":13,"column":8},"end":{"line":14,"column":62}}]}},"s":{"0":4,"1":4,"2":21,"3":11,"4":3,"5":1,"6":1},"f":{"0":4,"1":21,"2":3,"3":1},"b":{"0":[4,4],"1":[11]}}
,"C:\\Users\\Aaron\\Desktop\\tecRacer\\Yahtzee\\Yahtzee\\src\\grants\\aces.ts": {"path":"C:\\Users\\Aaron\\Desktop\\tecRacer\\Yahtzee\\Yahtzee\\src\\grants\\aces.ts","statementMap":{"0":{"start":{"line":3,"column":20},"end":{"line":11,"column":1}},"1":{"start":{"line":4,"column":19},"end":{"line":4,"column":20}},"2":{"start":{"line":5,"column":4},"end":{"line":9,"column":null}},"3":{"start":{"line":6,"column":8},"end":{"line":8,"column":null}},"4":{"start":{"line":7,"column":12},"end":{"line":7,"column":23}},"5":{"start":{"line":10,"column":4},"end":{"line":10,"column":20}},"6":{"start":{"line":3,"column":13},"end":{"line":3,"column":20}}},"fnMap":{"0":{"name":"(anonymous_0)","decl":{"start":{"line":3,"column":20},"end":{"line":3,"column":21}},"loc":{"start":{"line":3,"column":58},"end":{"line":11,"column":1}}}},"branchMap":{"0":{"loc":{"start":{"line":6,"column":8},"end":{"line":8,"column":null}},"type":"if","locations":[{"start":{"line":6,"column":8},"end":{"line":8,"column":null}}]}},"s":{"0":1,"1":2,"2":2,"3":10,"4":5,"5":2,"6":1},"f":{"0":2},"b":{"0":[5]}}
}
